<?xml version="1.0" encoding="UTF-8"?>
<coverage generated="1715193033938" clover="3.2.0">
  <project timestamp="1715193033939" name="All files">
    <metrics statements="12" coveredstatements="12" conditionals="2" coveredconditionals="1" methods="7" coveredmethods="7" elements="21" coveredelements="20" complexity="0" loc="12" ncloc="12" packages="1" files="2" classes="2"/>
    <file name="async.js" path="/Users/mailen/development/jest-course/async.js">
      <metrics statements="7" coveredstatements="7" conditionals="0" coveredconditionals="0" methods="5" coveredmethods="5"/>
      <line num="1" count="1" type="stmt"/>
      <line num="2" count="1" type="stmt"/>
      <line num="4" count="1" type="stmt"/>
      <line num="8" count="1" type="stmt"/>
      <line num="9" count="3" type="stmt"/>
      <line num="10" count="3" type="stmt"/>
      <line num="14" count="1" type="stmt"/>
    </file>
    <file name="sum.js" path="/Users/mailen/development/jest-course/sum.js">
      <metrics statements="5" coveredstatements="5" conditionals="2" coveredconditionals="1" methods="2" coveredmethods="2"/>
      <line num="1" count="1" type="stmt"/>
      <line num="3" count="1" type="stmt"/>
      <line num="4" count="1" type="cond" truecount="1" falsecount="1"/>
      <line num="5" count="1" type="stmt"/>
      <line num="9" count="1" type="stmt"/>
    </file>
  </project>
</coverage>
